17:00:24 INFO  : Launching XSDB server: xsdb -n /home/zynq-fyp/Xilinx/SDK/2015.4/scripts/xsdb/xsdb/xsdb-server.tcl
17:00:27 INFO  : XSDB server has started successfully.
17:00:27 INFO  : Processing command line option -hwspec /home/zynq-fyp/Desktop/HoG_IP/final_vivado/final_vivado.sdk/design_1_wrapper.hdf.
17:08:20 INFO  : Connected to target on host '127.0.0.1' and port '3121'.
17:08:20 INFO  : 'targets -set -filter {jtag_cable_name =~ "Digilent JTAG-SMT1 210203823914A" && level==0} -index 1' command is executed.
17:08:23 INFO  : FPGA configured successfully with bitstream "/home/zynq-fyp/Desktop/HoG_IP/final_vivado/final_vivado.sdk/design_1_wrapper_hw_platform_0/design_1_wrapper.bit"
17:08:43 INFO  : 'targets -set -filter {jtag_cable_name =~ "Digilent JTAG-SMT1 210203823914A" && level==0} -index 1' command is executed.
17:08:43 INFO  : 'fpga -state' command is executed.
17:08:43 INFO  : Connected to target on host '127.0.0.1' and port '3121'.
17:08:43 INFO  : Sourcing of '/home/zynq-fyp/Desktop/HoG_IP/final_vivado/final_vivado.sdk/design_1_wrapper_hw_platform_0/ps7_init.tcl' is done.
17:08:44 INFO  : 'targets -set -filter {name =~"APU" && jtag_cable_name =~ "Digilent JTAG-SMT1 210203823914A"} -index 0' command is executed.
17:08:44 INFO  : Hardware design information is loaded from '/home/zynq-fyp/Desktop/HoG_IP/final_vivado/final_vivado.sdk/design_1_wrapper_hw_platform_0/system.hdf'.
17:08:44 INFO  : 'targets -set -filter {name =~"APU" && jtag_cable_name =~ "Digilent JTAG-SMT1 210203823914A"} -index 0' command is executed.
17:08:44 INFO  : 'stop' command is executed.
17:08:44 INFO  : 'ps7_init' command is executed.
17:08:44 INFO  : 'ps7_post_config' command is executed.
17:08:44 INFO  : 'con' command is executed.
17:08:45 INFO  : Context for processor 'ps7_cortexa9_0' is selected.
17:08:45 INFO  : Processor reset is completed for 'ps7_cortexa9_0'.
17:08:45 INFO  : Context for processor 'ps7_cortexa9_0' is selected.
17:08:46 INFO  : The application '/home/zynq-fyp/Desktop/HoG_IP/final_vivado/final_vivado.sdk/test/Debug/test.elf' is downloaded to processor 'ps7_cortexa9_0'.
17:08:46 INFO  : ----------------XSDB Script----------------
connect -url tcp:127.0.0.1:3121
source /home/zynq-fyp/Desktop/HoG_IP/final_vivado/final_vivado.sdk/design_1_wrapper_hw_platform_0/ps7_init.tcl
targets -set -filter {name =~"APU" && jtag_cable_name =~ "Digilent JTAG-SMT1 210203823914A"} -index 0
loadhw /home/zynq-fyp/Desktop/HoG_IP/final_vivado/final_vivado.sdk/design_1_wrapper_hw_platform_0/system.hdf
targets -set -filter {name =~"APU" && jtag_cable_name =~ "Digilent JTAG-SMT1 210203823914A"} -index 0
stop
ps7_init
ps7_post_config
con
targets -set -nocase -filter {name =~ "ARM*#0" && jtag_cable_name =~ "Digilent JTAG-SMT1 210203823914A"} -index 0
rst -processor
targets -set -nocase -filter {name =~ "ARM*#0" && jtag_cable_name =~ "Digilent JTAG-SMT1 210203823914A"} -index 0
dow /home/zynq-fyp/Desktop/HoG_IP/final_vivado/final_vivado.sdk/test/Debug/test.elf
----------------End of Script----------------

17:08:46 INFO  : Memory regions updated for context APU
17:08:46 INFO  : Context for processor 'ps7_cortexa9_0' is selected.
17:08:46 INFO  : 'con' command is executed.
17:08:46 INFO  : ----------------XSDB Script (After Launch)----------------
targets -set -nocase -filter {name =~ "ARM*#0" && jtag_cable_name =~ "Digilent JTAG-SMT1 210203823914A"} -index 0
con
----------------End of Script----------------

17:16:44 INFO  : Disconnected from the channel tcfchan#1.
17:16:44 INFO  : 'targets -set -filter {jtag_cable_name =~ "Digilent JTAG-SMT1 210203823914A" && level==0} -index 1' command is executed.
17:16:44 INFO  : 'fpga -state' command is executed.
17:16:44 INFO  : Connected to target on host '127.0.0.1' and port '3121'.
17:16:45 INFO  : Sourcing of '/home/zynq-fyp/Desktop/HoG_IP/final_vivado/final_vivado.sdk/design_1_wrapper_hw_platform_0/ps7_init.tcl' is done.
17:16:45 INFO  : 'targets -set -filter {name =~"APU" && jtag_cable_name =~ "Digilent JTAG-SMT1 210203823914A"} -index 0' command is executed.
17:16:45 INFO  : Hardware design information is loaded from '/home/zynq-fyp/Desktop/HoG_IP/final_vivado/final_vivado.sdk/design_1_wrapper_hw_platform_0/system.hdf'.
17:16:45 INFO  : 'targets -set -filter {name =~"APU" && jtag_cable_name =~ "Digilent JTAG-SMT1 210203823914A"} -index 0' command is executed.
17:16:45 INFO  : 'stop' command is executed.
17:16:46 INFO  : 'ps7_init' command is executed.
17:16:46 INFO  : 'ps7_post_config' command is executed.
17:16:46 INFO  : 'con' command is executed.
17:16:46 INFO  : Context for processor 'ps7_cortexa9_0' is selected.
17:16:46 INFO  : Processor reset is completed for 'ps7_cortexa9_0'.
17:16:46 INFO  : Context for processor 'ps7_cortexa9_0' is selected.
17:16:47 INFO  : The application '/home/zynq-fyp/Desktop/HoG_IP/final_vivado/final_vivado.sdk/test/Debug/test.elf' is downloaded to processor 'ps7_cortexa9_0'.
17:16:47 INFO  : ----------------XSDB Script----------------
connect -url tcp:127.0.0.1:3121
source /home/zynq-fyp/Desktop/HoG_IP/final_vivado/final_vivado.sdk/design_1_wrapper_hw_platform_0/ps7_init.tcl
targets -set -filter {name =~"APU" && jtag_cable_name =~ "Digilent JTAG-SMT1 210203823914A"} -index 0
loadhw /home/zynq-fyp/Desktop/HoG_IP/final_vivado/final_vivado.sdk/design_1_wrapper_hw_platform_0/system.hdf
targets -set -filter {name =~"APU" && jtag_cable_name =~ "Digilent JTAG-SMT1 210203823914A"} -index 0
stop
ps7_init
ps7_post_config
con
targets -set -nocase -filter {name =~ "ARM*#0" && jtag_cable_name =~ "Digilent JTAG-SMT1 210203823914A"} -index 0
rst -processor
targets -set -nocase -filter {name =~ "ARM*#0" && jtag_cable_name =~ "Digilent JTAG-SMT1 210203823914A"} -index 0
dow /home/zynq-fyp/Desktop/HoG_IP/final_vivado/final_vivado.sdk/test/Debug/test.elf
----------------End of Script----------------

17:16:47 INFO  : Memory regions updated for context APU
17:16:47 INFO  : Context for processor 'ps7_cortexa9_0' is selected.
17:16:47 INFO  : 'con' command is executed.
17:16:47 INFO  : ----------------XSDB Script (After Launch)----------------
targets -set -nocase -filter {name =~ "ARM*#0" && jtag_cable_name =~ "Digilent JTAG-SMT1 210203823914A"} -index 0
con
----------------End of Script----------------

17:22:43 INFO  : Disconnected from the channel tcfchan#2.
17:22:52 INFO  : Connected to target on host '127.0.0.1' and port '3121'.
17:22:52 INFO  : 'targets -set -filter {jtag_cable_name =~ "Digilent JTAG-SMT1 210203823914A" && level==0} -index 1' command is executed.
17:22:54 INFO  : FPGA configured successfully with bitstream "/home/zynq-fyp/Desktop/HoG_IP/final_vivado/final_vivado.sdk/design_1_wrapper_hw_platform_0/design_1_wrapper.bit"
17:24:52 INFO  : 'targets -set -filter {jtag_cable_name =~ "Digilent JTAG-SMT1 210203823914A" && level==0} -index 1' command is executed.
17:24:52 INFO  : 'fpga -state' command is executed.
17:24:52 INFO  : Connected to target on host '127.0.0.1' and port '3121'.
17:24:52 INFO  : Sourcing of '/home/zynq-fyp/Desktop/HoG_IP/final_vivado/final_vivado.sdk/design_1_wrapper_hw_platform_0/ps7_init.tcl' is done.
17:24:53 INFO  : 'targets -set -filter {name =~"APU" && jtag_cable_name =~ "Digilent JTAG-SMT1 210203823914A"} -index 0' command is executed.
17:24:53 INFO  : Hardware design information is loaded from '/home/zynq-fyp/Desktop/HoG_IP/final_vivado/final_vivado.sdk/design_1_wrapper_hw_platform_0/system.hdf'.
17:24:53 INFO  : 'targets -set -filter {name =~"APU" && jtag_cable_name =~ "Digilent JTAG-SMT1 210203823914A"} -index 0' command is executed.
17:24:53 INFO  : 'stop' command is executed.
17:24:53 INFO  : 'ps7_init' command is executed.
17:24:53 INFO  : 'ps7_post_config' command is executed.
17:24:53 INFO  : 'con' command is executed.
17:24:54 INFO  : Context for processor 'ps7_cortexa9_0' is selected.
17:24:54 INFO  : Processor reset is completed for 'ps7_cortexa9_0'.
17:24:54 INFO  : Context for processor 'ps7_cortexa9_0' is selected.
17:24:55 INFO  : The application '/home/zynq-fyp/Desktop/HoG_IP/final_vivado/final_vivado.sdk/test/Debug/test.elf' is downloaded to processor 'ps7_cortexa9_0'.
17:24:55 INFO  : ----------------XSDB Script----------------
connect -url tcp:127.0.0.1:3121
source /home/zynq-fyp/Desktop/HoG_IP/final_vivado/final_vivado.sdk/design_1_wrapper_hw_platform_0/ps7_init.tcl
targets -set -filter {name =~"APU" && jtag_cable_name =~ "Digilent JTAG-SMT1 210203823914A"} -index 0
loadhw /home/zynq-fyp/Desktop/HoG_IP/final_vivado/final_vivado.sdk/design_1_wrapper_hw_platform_0/system.hdf
targets -set -filter {name =~"APU" && jtag_cable_name =~ "Digilent JTAG-SMT1 210203823914A"} -index 0
stop
ps7_init
ps7_post_config
con
targets -set -nocase -filter {name =~ "ARM*#0" && jtag_cable_name =~ "Digilent JTAG-SMT1 210203823914A"} -index 0
rst -processor
targets -set -nocase -filter {name =~ "ARM*#0" && jtag_cable_name =~ "Digilent JTAG-SMT1 210203823914A"} -index 0
dow /home/zynq-fyp/Desktop/HoG_IP/final_vivado/final_vivado.sdk/test/Debug/test.elf
----------------End of Script----------------

17:24:55 INFO  : Memory regions updated for context APU
17:24:55 INFO  : Context for processor 'ps7_cortexa9_0' is selected.
17:24:55 INFO  : 'con' command is executed.
17:24:55 INFO  : ----------------XSDB Script (After Launch)----------------
targets -set -nocase -filter {name =~ "ARM*#0" && jtag_cable_name =~ "Digilent JTAG-SMT1 210203823914A"} -index 0
con
----------------End of Script----------------

