
*** Running vivado
    with args -log design_1_wrapper.vds -m64 -mode batch -messageDb vivado.pb -notrace -source design_1_wrapper.tcl


****** Vivado v2015.4 (64-bit)
  **** SW Build 1412921 on Wed Nov 18 09:44:32 MST 2015
  **** IP Build 1412160 on Tue Nov 17 13:47:24 MST 2015
    ** Copyright 1986-2015 Xilinx, Inc. All Rights Reserved.

source design_1_wrapper.tcl -notrace
INFO: [IP_Flow 19-234] Refreshing IP repositories
INFO: [IP_Flow 19-1700] Loaded user IP repository '/home/zynq-fyp/Desktop/HoG_IP/backsub_hls_new'.
INFO: [IP_Flow 19-1700] Loaded user IP repository '/home/zynq-fyp/Desktop/HoG_IP/feature'.
INFO: [IP_Flow 19-2313] Loaded Vivado IP repository '/home/zynq-fyp/Xilinx/Vivado/2015.4/data/ip'.
Command: synth_design -top design_1_wrapper -part xc7z020clg484-1
Starting synth_design
Attempting to get a license for feature 'Synthesis' and/or device 'xc7z020'
INFO: [Common 17-349] Got license for feature 'Synthesis' and/or device 'xc7z020'
INFO: [Common 17-1223] The version limit for your license is '2017.07' and will expire in -108 days. A version limit expiration means that, although you may be able to continue to use the current version of tools or IP with this license, you will not be eligible for any updates or new releases.
WARNING: [Synth 8-992] S_AXI_GP0_ACLK_temp is already implicitly declared earlier [/home/zynq-fyp/Desktop/HoG_IP/final_vivado/final_vivado.srcs/sources_1/bd/design_1/ip/design_1_processing_system7_0_0/hdl/verilog/processing_system7_v5_5_processing_system7.v:2701]
WARNING: [Synth 8-992] S_AXI_GP1_ACLK_temp is already implicitly declared earlier [/home/zynq-fyp/Desktop/HoG_IP/final_vivado/final_vivado.srcs/sources_1/bd/design_1/ip/design_1_processing_system7_0_0/hdl/verilog/processing_system7_v5_5_processing_system7.v:2702]
---------------------------------------------------------------------------------
Starting RTL Elaboration : Time (s): cpu = 00:00:10 ; elapsed = 00:00:11 . Memory (MB): peak = 1125.016 ; gain = 284.816 ; free physical = 5667 ; free virtual = 25644
---------------------------------------------------------------------------------
